This is pdfTeX, Version 3.14159265-2.6-1.40.16 (TeX Live 2015/Debian) (preloaded format=pdflatex 2016.5.10)  23 MAY 2016 17:27
entering extended mode
 restricted \write18 enabled.
 %&-line parsing enabled.
**pps2.tex
(./pps2.tex
LaTeX2e <2015/01/01>
Babel <3.9l> and hyphenation patterns for 2 languages loaded.
(./llncs.cls
Document Class: llncs 2013/09/27 v2.18 
 LaTeX document class for Lecture Notes in Computer Science
(/usr/share/texlive/texmf-dist/tex/latex/base/article.cls
Document Class: article 2014/09/29 v1.4h Standard LaTeX document class
(/usr/share/texlive/texmf-dist/tex/latex/base/size10.clo
File: size10.clo 2014/09/29 v1.4h Standard LaTeX file (size option)
)
\c@part=\count79
\c@section=\count80
\c@subsection=\count81
\c@subsubsection=\count82
\c@paragraph=\count83
\c@subparagraph=\count84
\c@figure=\count85
\c@table=\count86
\abovecaptionskip=\skip41
\belowcaptionskip=\skip42
\bibindent=\dimen102
)
(/usr/share/texlive/texmf-dist/tex/latex/tools/multicol.sty
Package: multicol 2015/03/31 v1.8m multicolumn formatting (FMi)
\c@tracingmulticols=\count87
\mult@box=\box26
\multicol@leftmargin=\dimen103
\c@unbalance=\count88
\c@collectmore=\count89
\doublecol@number=\count90
\multicoltolerance=\count91
\multicolpretolerance=\count92
\full@width=\dimen104
\page@free=\dimen105
\premulticols=\dimen106
\postmulticols=\dimen107
\multicolsep=\skip43
\multicolbaselineskip=\skip44
\partial@page=\box27
\last@line=\box28
\maxbalancingoverflow=\dimen108
\mult@rightbox=\box29
\mult@grightbox=\box30
\mult@gfirstbox=\box31
\mult@firstbox=\box32
\@tempa=\box33
\@tempa=\box34
\@tempa=\box35
\@tempa=\box36
\@tempa=\box37
\@tempa=\box38
\@tempa=\box39
\@tempa=\box40
\@tempa=\box41
\@tempa=\box42
\@tempa=\box43
\@tempa=\box44
\@tempa=\box45
\@tempa=\box46
\@tempa=\box47
\@tempa=\box48
\@tempa=\box49
\c@columnbadness=\count93
\c@finalcolumnbadness=\count94
\last@try=\dimen109
\multicolovershoot=\dimen110
\multicolundershoot=\dimen111
\mult@nat@firstbox=\box50
\colbreak@box=\box51
\mc@col@check@num=\count95
) (./aliascnt.sty
Package: aliascnt 2009/09/08 v1.3 Alias counter (HO)

(./remreset.sty))
\c@chapter=\count96
LaTeX Font Info:    Redeclaring math symbol \Gamma on input line 362.
LaTeX Font Info:    Redeclaring math symbol \Delta on input line 363.
LaTeX Font Info:    Redeclaring math symbol \Theta on input line 364.
LaTeX Font Info:    Redeclaring math symbol \Lambda on input line 365.
LaTeX Font Info:    Redeclaring math symbol \Xi on input line 366.
LaTeX Font Info:    Redeclaring math symbol \Pi on input line 367.
LaTeX Font Info:    Redeclaring math symbol \Sigma on input line 368.
LaTeX Font Info:    Redeclaring math symbol \Upsilon on input line 369.
LaTeX Font Info:    Redeclaring math symbol \Phi on input line 370.
LaTeX Font Info:    Redeclaring math symbol \Psi on input line 371.
LaTeX Font Info:    Redeclaring math symbol \Omega on input line 372.
\tocchpnum=\dimen112
\tocsecnum=\dimen113
\tocsectotal=\dimen114
\tocsubsecnum=\dimen115
\tocsubsectotal=\dimen116
\tocsubsubsecnum=\dimen117
\tocsubsubsectotal=\dimen118
\tocparanum=\dimen119
\tocparatotal=\dimen120
\tocsubparanum=\dimen121
\@tempcntc=\count97
\fnindent=\dimen122
\c@@inst=\count98
\c@@auth=\count99
\c@auco=\count100
\instindent=\dimen123
\authrun=\box52
\authorrunning=\toks14
\tocauthor=\toks15
\titrun=\box53
\titlerunning=\toks16
\toctitle=\toks17
\c@theorem=\count101
\c@case=\count102
\c@conjecture=\count103
\c@corollary=\count104
\c@definition=\count105
\c@example=\count106
\c@exercise=\count107
\c@lemma=\count108
\c@note=\count109
\c@problem=\count110
\c@property=\count111
\c@proposition=\count112
\c@question=\count113
\c@solution=\count114
\c@remark=\count115
\headlineindent=\dimen124
) (/usr/share/texlive/texmf-dist/tex/generic/babel/babel.sty
Package: babel 2014/09/25 3.9l The Babel package

(/usr/share/texlive/texmf-dist/tex/generic/babel-spanish/spanish.ldf
Language: spanish.ldf 2014/04/24 v5.0n Spanish support from the babel system

(/usr/share/texlive/texmf-dist/tex/generic/babel/babel.def
File: babel.def 2014/09/25 3.9l Babel common definitions
\babel@savecnt=\count116
\U@D=\dimen125
)

Package babel Warning: No hyphenation patterns were preloaded for
(babel)                the language `Spanish' into the format.
(babel)                Please, configure your TeX system to add them and
(babel)                rebuild the format. Now I will use the patterns
(babel)                preloaded for english instead on input line 51.

\l@spanish = a dialect from \language0
\es@quottoks=\toks18
\es@quotdepth=\count117
Package babel Info: Making " an active character on input line 516.
Package babel Info: Making . an active character on input line 617.
Package babel Info: Making < an active character on input line 662.
Package babel Info: Making > an active character on input line 662.
)) (/usr/share/texlive/texmf-dist/tex/latex/base/inputenc.sty
Package: inputenc 2015/03/17 v1.2c Input encoding file
\inpenc@prehook=\toks19
\inpenc@posthook=\toks20

(/usr/share/texlive/texmf-dist/tex/latex/base/utf8.def
File: utf8.def 2014/09/29 v1.1m UTF-8 support for inputenc
Now handling font encoding OML ...
... no UTF-8 mapping file for font encoding OML
Now handling font encoding T1 ...
... processing UTF-8 mapping file for font encoding T1

(/usr/share/texlive/texmf-dist/tex/latex/base/t1enc.dfu
File: t1enc.dfu 2014/09/29 v1.1m UTF-8 support for inputenc
   defining Unicode char U+00A1 (decimal 161)
   defining Unicode char U+00A3 (decimal 163)
   defining Unicode char U+00AB (decimal 171)
   defining Unicode char U+00BB (decimal 187)
   defining Unicode char U+00BF (decimal 191)
   defining Unicode char U+00C0 (decimal 192)
   defining Unicode char U+00C1 (decimal 193)
   defining Unicode char U+00C2 (decimal 194)
   defining Unicode char U+00C3 (decimal 195)
   defining Unicode char U+00C4 (decimal 196)
   defining Unicode char U+00C5 (decimal 197)
   defining Unicode char U+00C6 (decimal 198)
   defining Unicode char U+00C7 (decimal 199)
   defining Unicode char U+00C8 (decimal 200)
   defining Unicode char U+00C9 (decimal 201)
   defining Unicode char U+00CA (decimal 202)
   defining Unicode char U+00CB (decimal 203)
   defining Unicode char U+00CC (decimal 204)
   defining Unicode char U+00CD (decimal 205)
   defining Unicode char U+00CE (decimal 206)
   defining Unicode char U+00CF (decimal 207)
   defining Unicode char U+00D0 (decimal 208)
   defining Unicode char U+00D1 (decimal 209)
   defining Unicode char U+00D2 (decimal 210)
   defining Unicode char U+00D3 (decimal 211)
   defining Unicode char U+00D4 (decimal 212)
   defining Unicode char U+00D5 (decimal 213)
   defining Unicode char U+00D6 (decimal 214)
   defining Unicode char U+00D8 (decimal 216)
   defining Unicode char U+00D9 (decimal 217)
   defining Unicode char U+00DA (decimal 218)
   defining Unicode char U+00DB (decimal 219)
   defining Unicode char U+00DC (decimal 220)
   defining Unicode char U+00DD (decimal 221)
   defining Unicode char U+00DE (decimal 222)
   defining Unicode char U+00DF (decimal 223)
   defining Unicode char U+00E0 (decimal 224)
   defining Unicode char U+00E1 (decimal 225)
   defining Unicode char U+00E2 (decimal 226)
   defining Unicode char U+00E3 (decimal 227)
   defining Unicode char U+00E4 (decimal 228)
   defining Unicode char U+00E5 (decimal 229)
   defining Unicode char U+00E6 (decimal 230)
   defining Unicode char U+00E7 (decimal 231)
   defining Unicode char U+00E8 (decimal 232)
   defining Unicode char U+00E9 (decimal 233)
   defining Unicode char U+00EA (decimal 234)
   defining Unicode char U+00EB (decimal 235)
   defining Unicode char U+00EC (decimal 236)
   defining Unicode char U+00ED (decimal 237)
   defining Unicode char U+00EE (decimal 238)
   defining Unicode char U+00EF (decimal 239)
   defining Unicode char U+00F0 (decimal 240)
   defining Unicode char U+00F1 (decimal 241)
   defining Unicode char U+00F2 (decimal 242)
   defining Unicode char U+00F3 (decimal 243)
   defining Unicode char U+00F4 (decimal 244)
   defining Unicode char U+00F5 (decimal 245)
   defining Unicode char U+00F6 (decimal 246)
   defining Unicode char U+00F8 (decimal 248)
   defining Unicode char U+00F9 (decimal 249)
   defining Unicode char U+00FA (decimal 250)
   defining Unicode char U+00FB (decimal 251)
   defining Unicode char U+00FC (decimal 252)
   defining Unicode char U+00FD (decimal 253)
   defining Unicode char U+00FE (decimal 254)
   defining Unicode char U+00FF (decimal 255)
   defining Unicode char U+0102 (decimal 258)
   defining Unicode char U+0103 (decimal 259)
   defining Unicode char U+0104 (decimal 260)
   defining Unicode char U+0105 (decimal 261)
   defining Unicode char U+0106 (decimal 262)
   defining Unicode char U+0107 (decimal 263)
   defining Unicode char U+010C (decimal 268)
   defining Unicode char U+010D (decimal 269)
   defining Unicode char U+010E (decimal 270)
   defining Unicode char U+010F (decimal 271)
   defining Unicode char U+0110 (decimal 272)
   defining Unicode char U+0111 (decimal 273)
   defining Unicode char U+0118 (decimal 280)
   defining Unicode char U+0119 (decimal 281)
   defining Unicode char U+011A (decimal 282)
   defining Unicode char U+011B (decimal 283)
   defining Unicode char U+011E (decimal 286)
   defining Unicode char U+011F (decimal 287)
   defining Unicode char U+0130 (decimal 304)
   defining Unicode char U+0131 (decimal 305)
   defining Unicode char U+0132 (decimal 306)
   defining Unicode char U+0133 (decimal 307)
   defining Unicode char U+0139 (decimal 313)
   defining Unicode char U+013A (decimal 314)
   defining Unicode char U+013D (decimal 317)
   defining Unicode char U+013E (decimal 318)
   defining Unicode char U+0141 (decimal 321)
   defining Unicode char U+0142 (decimal 322)
   defining Unicode char U+0143 (decimal 323)
   defining Unicode char U+0144 (decimal 324)
   defining Unicode char U+0147 (decimal 327)
   defining Unicode char U+0148 (decimal 328)
   defining Unicode char U+014A (decimal 330)
   defining Unicode char U+014B (decimal 331)
   defining Unicode char U+0150 (decimal 336)
   defining Unicode char U+0151 (decimal 337)
   defining Unicode char U+0152 (decimal 338)
   defining Unicode char U+0153 (decimal 339)
   defining Unicode char U+0154 (decimal 340)
   defining Unicode char U+0155 (decimal 341)
   defining Unicode char U+0158 (decimal 344)
   defining Unicode char U+0159 (decimal 345)
   defining Unicode char U+015A (decimal 346)
   defining Unicode char U+015B (decimal 347)
   defining Unicode char U+015E (decimal 350)
   defining Unicode char U+015F (decimal 351)
   defining Unicode char U+0160 (decimal 352)
   defining Unicode char U+0161 (decimal 353)
   defining Unicode char U+0162 (decimal 354)
   defining Unicode char U+0163 (decimal 355)
   defining Unicode char U+0164 (decimal 356)
   defining Unicode char U+0165 (decimal 357)
   defining Unicode char U+016E (decimal 366)
   defining Unicode char U+016F (decimal 367)
   defining Unicode char U+0170 (decimal 368)
   defining Unicode char U+0171 (decimal 369)
   defining Unicode char U+0178 (decimal 376)
   defining Unicode char U+0179 (decimal 377)
   defining Unicode char U+017A (decimal 378)
   defining Unicode char U+017B (decimal 379)
   defining Unicode char U+017C (decimal 380)
   defining Unicode char U+017D (decimal 381)
   defining Unicode char U+017E (decimal 382)
   defining Unicode char U+200C (decimal 8204)
   defining Unicode char U+2013 (decimal 8211)
   defining Unicode char U+2014 (decimal 8212)
   defining Unicode char U+2018 (decimal 8216)
   defining Unicode char U+2019 (decimal 8217)
   defining Unicode char U+201A (decimal 8218)
   defining Unicode char U+201C (decimal 8220)
   defining Unicode char U+201D (decimal 8221)
   defining Unicode char U+201E (decimal 8222)
   defining Unicode char U+2030 (decimal 8240)
   defining Unicode char U+2031 (decimal 8241)
   defining Unicode char U+2039 (decimal 8249)
   defining Unicode char U+203A (decimal 8250)
   defining Unicode char U+2423 (decimal 9251)
)
Now handling font encoding OT1 ...
... processing UTF-8 mapping file for font encoding OT1

(/usr/share/texlive/texmf-dist/tex/latex/base/ot1enc.dfu
File: ot1enc.dfu 2014/09/29 v1.1m UTF-8 support for inputenc
   defining Unicode char U+00A1 (decimal 161)
   defining Unicode char U+00A3 (decimal 163)
   defining Unicode char U+00B8 (decimal 184)
   defining Unicode char U+00BF (decimal 191)
   defining Unicode char U+00C5 (decimal 197)
   defining Unicode char U+00C6 (decimal 198)
   defining Unicode char U+00D8 (decimal 216)
   defining Unicode char U+00DF (decimal 223)
   defining Unicode char U+00E6 (decimal 230)
   defining Unicode char U+00EC (decimal 236)
   defining Unicode char U+00ED (decimal 237)
   defining Unicode char U+00EE (decimal 238)
   defining Unicode char U+00EF (decimal 239)
   defining Unicode char U+00F8 (decimal 248)
   defining Unicode char U+0131 (decimal 305)
   defining Unicode char U+0141 (decimal 321)
   defining Unicode char U+0142 (decimal 322)
   defining Unicode char U+0152 (decimal 338)
   defining Unicode char U+0153 (decimal 339)
   defining Unicode char U+2013 (decimal 8211)
   defining Unicode char U+2014 (decimal 8212)
   defining Unicode char U+2018 (decimal 8216)
   defining Unicode char U+2019 (decimal 8217)
   defining Unicode char U+201C (decimal 8220)
   defining Unicode char U+201D (decimal 8221)
)
Now handling font encoding OMS ...
... processing UTF-8 mapping file for font encoding OMS

(/usr/share/texlive/texmf-dist/tex/latex/base/omsenc.dfu
File: omsenc.dfu 2014/09/29 v1.1m UTF-8 support for inputenc
   defining Unicode char U+00A7 (decimal 167)
   defining Unicode char U+00B6 (decimal 182)
   defining Unicode char U+00B7 (decimal 183)
   defining Unicode char U+2020 (decimal 8224)
   defining Unicode char U+2021 (decimal 8225)
   defining Unicode char U+2022 (decimal 8226)
)
Now handling font encoding OMX ...
... no UTF-8 mapping file for font encoding OMX
Now handling font encoding U ...
... no UTF-8 mapping file for font encoding U
   defining Unicode char U+00A9 (decimal 169)
   defining Unicode char U+00AA (decimal 170)
   defining Unicode char U+00AE (decimal 174)
   defining Unicode char U+00BA (decimal 186)
   defining Unicode char U+02C6 (decimal 710)
   defining Unicode char U+02DC (decimal 732)
   defining Unicode char U+200C (decimal 8204)
   defining Unicode char U+2026 (decimal 8230)
   defining Unicode char U+2122 (decimal 8482)
   defining Unicode char U+2423 (decimal 9251)
))
(/usr/share/texlive/texmf-dist/tex/latex/graphics/color.sty
Package: color 2014/10/28 v1.1a Standard LaTeX Color (DPC)

(/usr/share/texlive/texmf-dist/tex/latex/latexconfig/color.cfg
File: color.cfg 2007/01/18 v1.5 color configuration of teTeX/TeXLive
)
Package color Info: Driver file: pdftex.def on input line 142.

(/usr/share/texlive/texmf-dist/tex/latex/pdftex-def/pdftex.def
File: pdftex.def 2011/05/27 v0.06d Graphics/color for pdfTeX

(/usr/share/texlive/texmf-dist/tex/generic/oberdiek/infwarerr.sty
Package: infwarerr 2010/04/08 v1.3 Providing info/warning/error messages (HO)
)
(/usr/share/texlive/texmf-dist/tex/generic/oberdiek/ltxcmds.sty
Package: ltxcmds 2011/11/09 v1.22 LaTeX kernel commands for general use (HO)
)
\Gread@gobject=\count118
))
(/usr/share/texlive/texmf-dist/tex/latex/hyperref/hyperref.sty
Package: hyperref 2012/11/06 v6.83m Hypertext links for LaTeX

(/usr/share/texlive/texmf-dist/tex/generic/oberdiek/hobsub-hyperref.sty
Package: hobsub-hyperref 2012/05/28 v1.13 Bundle oberdiek, subset hyperref (HO)


(/usr/share/texlive/texmf-dist/tex/generic/oberdiek/hobsub-generic.sty
Package: hobsub-generic 2012/05/28 v1.13 Bundle oberdiek, subset generic (HO)
Package: hobsub 2012/05/28 v1.13 Construct package bundles (HO)
Package hobsub Info: Skipping package `infwarerr' (already loaded).
Package hobsub Info: Skipping package `ltxcmds' (already loaded).
Package: ifluatex 2010/03/01 v1.3 Provides the ifluatex switch (HO)
Package ifluatex Info: LuaTeX not detected.
Package: ifvtex 2010/03/01 v1.5 Detect VTeX and its facilities (HO)
Package ifvtex Info: VTeX not detected.
Package: intcalc 2007/09/27 v1.1 Expandable calculations with integers (HO)
Package: ifpdf 2011/01/30 v2.3 Provides the ifpdf switch (HO)
Package ifpdf Info: pdfTeX in PDF mode is detected.
Package: etexcmds 2011/02/16 v1.5 Avoid name clashes with e-TeX commands (HO)
Package etexcmds Info: Could not find \expanded.
(etexcmds)             That can mean that you are not using pdfTeX 1.50 or
(etexcmds)             that some package has redefined \expanded.
(etexcmds)             In the latter case, load this package earlier.
Package: kvsetkeys 2012/04/25 v1.16 Key value parser (HO)
Package: kvdefinekeys 2011/04/07 v1.3 Define keys (HO)
Package: pdftexcmds 2011/11/29 v0.20 Utility functions of pdfTeX for LuaTeX (HO
)
Package pdftexcmds Info: LuaTeX not detected.
Package pdftexcmds Info: \pdf@primitive is available.
Package pdftexcmds Info: \pdf@ifprimitive is available.
Package pdftexcmds Info: \pdfdraftmode found.
Package: pdfescape 2011/11/25 v1.13 Implements pdfTeX's escape features (HO)
Package: bigintcalc 2012/04/08 v1.3 Expandable calculations on big integers (HO
)
Package: bitset 2011/01/30 v1.1 Handle bit-vector datatype (HO)
Package: uniquecounter 2011/01/30 v1.2 Provide unlimited unique counter (HO)
)
Package hobsub Info: Skipping package `hobsub' (already loaded).
Package: letltxmacro 2010/09/02 v1.4 Let assignment for LaTeX macros (HO)
Package: hopatch 2012/05/28 v1.2 Wrapper for package hooks (HO)
Package: xcolor-patch 2011/01/30 xcolor patch
Package: atveryend 2011/06/30 v1.8 Hooks at the very end of document (HO)
Package atveryend Info: \enddocument detected (standard20110627).
Package: atbegshi 2011/10/05 v1.16 At begin shipout hook (HO)
Package: refcount 2011/10/16 v3.4 Data extraction from label references (HO)
Package: hycolor 2011/01/30 v1.7 Color options for hyperref/bookmark (HO)
)
(/usr/share/texlive/texmf-dist/tex/latex/graphics/keyval.sty
Package: keyval 2014/10/28 v1.15 key=value parser (DPC)
\KV@toks@=\toks21
)
(/usr/share/texlive/texmf-dist/tex/generic/ifxetex/ifxetex.sty
Package: ifxetex 2010/09/12 v0.6 Provides ifxetex conditional
)
(/usr/share/texlive/texmf-dist/tex/latex/oberdiek/auxhook.sty
Package: auxhook 2011/03/04 v1.3 Hooks for auxiliary files (HO)
)
(/usr/share/texlive/texmf-dist/tex/latex/oberdiek/kvoptions.sty
Package: kvoptions 2011/06/30 v3.11 Key value format for package options (HO)
)
\@linkdim=\dimen126
\Hy@linkcounter=\count119
\Hy@pagecounter=\count120

(/usr/share/texlive/texmf-dist/tex/latex/hyperref/pd1enc.def
File: pd1enc.def 2012/11/06 v6.83m Hyperref: PDFDocEncoding definition (HO)
Now handling font encoding PD1 ...
... no UTF-8 mapping file for font encoding PD1
)
\Hy@SavedSpaceFactor=\count121

(/usr/share/texlive/texmf-dist/tex/latex/latexconfig/hyperref.cfg
File: hyperref.cfg 2002/06/06 v1.2 hyperref configuration of TeXLive
)
Package hyperref Info: Hyper figures OFF on input line 4443.
Package hyperref Info: Link nesting OFF on input line 4448.
Package hyperref Info: Hyper index ON on input line 4451.
Package hyperref Info: Plain pages OFF on input line 4458.
Package hyperref Info: Backreferencing OFF on input line 4463.
Package hyperref Info: Implicit mode ON; LaTeX internals redefined.
Package hyperref Info: Bookmarks ON on input line 4688.
\c@Hy@tempcnt=\count122

(/usr/share/texlive/texmf-dist/tex/latex/url/url.sty
\Urlmuskip=\muskip10
Package: url 2013/09/16  ver 3.4  Verb mode for urls, etc.
)
LaTeX Info: Redefining \url on input line 5041.
\XeTeXLinkMargin=\dimen127
\Fld@menulength=\count123
\Field@Width=\dimen128
\Fld@charsize=\dimen129
Package hyperref Info: Hyper figures OFF on input line 6295.
Package hyperref Info: Link nesting OFF on input line 6300.
Package hyperref Info: Hyper index ON on input line 6303.
Package hyperref Info: backreferencing OFF on input line 6310.
Package hyperref Info: Link coloring OFF on input line 6315.
Package hyperref Info: Link coloring with OCG OFF on input line 6320.
Package hyperref Info: PDF/A mode OFF on input line 6325.
LaTeX Info: Redefining \ref on input line 6365.
LaTeX Info: Redefining \pageref on input line 6369.
\Hy@abspage=\count124
\c@Item=\count125
\c@Hfootnote=\count126
)

Package hyperref Message: Driver (autodetected): hpdftex.

(/usr/share/texlive/texmf-dist/tex/latex/hyperref/hpdftex.def
File: hpdftex.def 2012/11/06 v6.83m Hyperref driver for pdfTeX
\Fld@listcount=\count127
\c@bookmark@seq@number=\count128

(/usr/share/texlive/texmf-dist/tex/latex/oberdiek/rerunfilecheck.sty
Package: rerunfilecheck 2011/04/15 v1.7 Rerun checks for auxiliary files (HO)
Package uniquecounter Info: New unique counter `rerunfilecheck' on input line 2
82.
)
\Hy@SectionHShift=\skip45
)
(/usr/share/texlive/texmf-dist/tex/latex/listings/listings.sty
\lst@mode=\count129
\lst@gtempboxa=\box54
\lst@token=\toks22
\lst@length=\count130
\lst@currlwidth=\dimen130
\lst@column=\count131
\lst@pos=\count132
\lst@lostspace=\dimen131
\lst@width=\dimen132
\lst@newlines=\count133
\lst@lineno=\count134
\lst@maxwidth=\dimen133

(/usr/share/texlive/texmf-dist/tex/latex/listings/lstmisc.sty
File: lstmisc.sty 2015/06/04 1.6 (Carsten Heinz)
\c@lstnumber=\count135
\lst@skipnumbers=\count136
\lst@framebox=\box55
)
(/usr/share/texlive/texmf-dist/tex/latex/listings/listings.cfg
File: listings.cfg 2015/06/04 1.6 listings configuration
))
Package: listings 2015/06/04 1.6 (Carsten Heinz)

(/usr/share/texlive/texmf-dist/tex/latex/graphics/graphicx.sty
Package: graphicx 2014/10/28 v1.0g Enhanced LaTeX Graphics (DPC,SPQR)

(/usr/share/texlive/texmf-dist/tex/latex/graphics/graphics.sty
Package: graphics 2014/10/28 v1.0p Standard LaTeX Graphics (DPC,SPQR)

(/usr/share/texlive/texmf-dist/tex/latex/graphics/trig.sty
Package: trig 1999/03/16 v1.09 sin cos tan (DPC)
)
(/usr/share/texlive/texmf-dist/tex/latex/latexconfig/graphics.cfg
File: graphics.cfg 2010/04/23 v1.9 graphics configuration of TeX Live
)
Package graphics Info: Driver file: pdftex.def on input line 94.
)
\Gin@req@height=\dimen134
\Gin@req@width=\dimen135
)
(/usr/share/texlive/texmf-dist/tex/latex/float/float.sty
Package: float 2001/11/08 v1.3d Float enhancements (AL)
\c@float@type=\count137
\float@exts=\toks23
\float@box=\box56
\@float@everytoks=\toks24
\@floatcapt=\box57
)
(/usr/share/texlive/texmf-dist/tex/latex/multirow/multirow.sty
\bigstrutjot=\dimen136
)
(/usr/share/texlive/texmf-dist/tex/latex/tools/array.sty
Package: array 2014/10/28 v2.4c Tabular extension package (FMi)
\col@sep=\dimen137
\extrarowheight=\dimen138
\NC@list=\toks25
\extratabsurround=\skip46
\backup@length=\skip47
)
(/usr/share/texlive/texmf-dist/tex/latex/appendix/appendix.sty
Package: appendix 2009/09/02 v1.2b extra appendix facilities
\c@@pps=\count138
\c@@ppsavesec=\count139
\c@@ppsaveapp=\count140
) (./pps2.aux
LaTeX Info: Redefining \. on input line 27.
LaTeX Info: Redefining \% on input line 27.


LaTeX Warning: Label `cicloInf' multiply defined.


LaTeX Warning: Label `cicloInf' multiply defined.

)
\openout1 = `pps2.aux'.

LaTeX Font Info:    Checking defaults for OML/cmm/m/it on input line 33.
LaTeX Font Info:    ... okay on input line 33.
LaTeX Font Info:    Checking defaults for T1/cmr/m/n on input line 33.
LaTeX Font Info:    ... okay on input line 33.
LaTeX Font Info:    Checking defaults for OT1/cmr/m/n on input line 33.
LaTeX Font Info:    ... okay on input line 33.
LaTeX Font Info:    Checking defaults for OMS/cmsy/m/n on input line 33.
LaTeX Font Info:    ... okay on input line 33.
LaTeX Font Info:    Checking defaults for OMX/cmex/m/n on input line 33.
LaTeX Font Info:    ... okay on input line 33.
LaTeX Font Info:    Checking defaults for U/cmr/m/n on input line 33.
LaTeX Font Info:    ... okay on input line 33.
LaTeX Font Info:    Checking defaults for PD1/pdf/m/n on input line 33.
LaTeX Font Info:    ... okay on input line 33.
LaTeX Info: Redefining \. on input line 33.
LaTeX Info: Redefining \% on input line 33.
 (/usr/share/texlive/texmf-dist/tex/context/base/supp-pdf.mkii
[Loading MPS to PDF converter (version 2006.09.02).]
\scratchcounter=\count141
\scratchdimen=\dimen139
\scratchbox=\box58
\nofMPsegments=\count142
\nofMParguments=\count143
\everyMPshowfont=\toks26
\MPscratchCnt=\count144
\MPscratchDim=\dimen140
\MPnumerator=\count145
\makeMPintoPDFobject=\count146
\everyMPtoPDFconversion=\toks27
)
\AtBeginShipoutBox=\box59
Package hyperref Info: Link coloring OFF on input line 33.
 (/usr/share/texlive/texmf-dist/tex/latex/hyperref/nameref.sty
Package: nameref 2012/10/27 v2.43 Cross-referencing by name of section

(/usr/share/texlive/texmf-dist/tex/generic/oberdiek/gettitlestring.sty
Package: gettitlestring 2010/12/03 v1.4 Cleanup title references (HO)
)
\c@section@level=\count147
)
LaTeX Info: Redefining \ref on input line 33.
LaTeX Info: Redefining \pageref on input line 33.
LaTeX Info: Redefining \nameref on input line 33.

(./pps2.out) (./pps2.out)
\@outlinefile=\write3
\openout3 = `pps2.out'.

\c@lstlisting=\count148

(/usr/share/texlive/texmf-dist/tex/latex/oberdiek/epstopdf-base.sty
Package: epstopdf-base 2010/02/09 v2.5 Base part for package epstopdf

(/usr/share/texlive/texmf-dist/tex/latex/oberdiek/grfext.sty
Package: grfext 2010/08/19 v1.1 Manage graphics extensions (HO)
)
Package grfext Info: Graphics extension search list:
(grfext)             [.png,.pdf,.jpg,.mps,.jpeg,.jbig2,.jb2,.PNG,.PDF,.JPG,.JPE
G,.JBIG2,.JB2,.eps]
(grfext)             \AppendGraphicsExtensions on input line 452.

(/usr/share/texlive/texmf-dist/tex/latex/latexconfig/epstopdf-sys.cfg
File: epstopdf-sys.cfg 2010/07/13 v1.3 Configuration of (r)epstopdf for TeX Liv
e
))
LaTeX Font Info:    External font `cmex10' loaded for size
(Font)              <7> on input line 37.
LaTeX Font Info:    External font `cmex10' loaded for size
(Font)              <5> on input line 37.
Package babel Info: Redefining spanish shorthand <<
(babel)             in language append on input line 37.
Package babel Info: Redefining spanish shorthand >>
(babel)             in language append on input line 37.
Package babel Info: Redefining spanish shorthand "=
(babel)             in language append on input line 37.
Package babel Info: Redefining spanish shorthand "~
(babel)             in language append on input line 37.
Package babel Info: Redefining spanish shorthand "!
(babel)             in language append on input line 37.
Package babel Info: Redefining spanish shorthand "?
(babel)             in language append on input line 37.
LaTeX Font Info:    External font `cmex10' loaded for size
(Font)              <9> on input line 43.
LaTeX Font Info:    External font `cmex10' loaded for size
(Font)              <6> on input line 43.

Overfull \hbox (1.0437pt too wide) in paragraph at lines 71--76
[]\OT1/cmr/m/n/10 Existen var-ios en-fo-ques para tratar la gen-eraci^^Son de c
a-sos de test au-tom^^Saticos.
 []

Package babel Info: Redefining spanish shorthand <<
(babel)             in language append on input line 76.
Package babel Info: Redefining spanish shorthand >>
(babel)             in language append on input line 76.
Package babel Info: Redefining spanish shorthand "=
(babel)             in language append on input line 76.
Package babel Info: Redefining spanish shorthand "~
(babel)             in language append on input line 76.
Package babel Info: Redefining spanish shorthand "!
(babel)             in language append on input line 76.
Package babel Info: Redefining spanish shorthand "?
(babel)             in language append on input line 76.
Package babel Info: Redefining spanish shorthand <<
(babel)             in language append on input line 76.
Package babel Info: Redefining spanish shorthand >>
(babel)             in language append on input line 76.
Package babel Info: Redefining spanish shorthand "=
(babel)             in language append on input line 76.
Package babel Info: Redefining spanish shorthand "~
(babel)             in language append on input line 76.
Package babel Info: Redefining spanish shorthand "!
(babel)             in language append on input line 76.
Package babel Info: Redefining spanish shorthand "?
(babel)             in language append on input line 76.
[1

{/var/lib/texmf/fonts/map/pdftex/updmap/pdftex.map}]
Package babel Info: Redefining spanish shorthand <<
(babel)             in language append on input line 109.
Package babel Info: Redefining spanish shorthand >>
(babel)             in language append on input line 109.
Package babel Info: Redefining spanish shorthand "=
(babel)             in language append on input line 109.
Package babel Info: Redefining spanish shorthand "~
(babel)             in language append on input line 109.
Package babel Info: Redefining spanish shorthand "!
(babel)             in language append on input line 109.
Package babel Info: Redefining spanish shorthand "?
(babel)             in language append on input line 109.
Package babel Info: Redefining spanish shorthand <<
(babel)             in language append on input line 109.
Package babel Info: Redefining spanish shorthand >>
(babel)             in language append on input line 109.
Package babel Info: Redefining spanish shorthand "=
(babel)             in language append on input line 109.
Package babel Info: Redefining spanish shorthand "~
(babel)             in language append on input line 109.
Package babel Info: Redefining spanish shorthand "!
(babel)             in language append on input line 109.
Package babel Info: Redefining spanish shorthand "?
(babel)             in language append on input line 109.
 [2]
LaTeX Font Info:    Try loading font information for OMS+cmr on input line 110.


(/usr/share/texlive/texmf-dist/tex/latex/base/omscmr.fd
File: omscmr.fd 2014/09/29 v2.5h Standard LaTeX font definitions
)
LaTeX Font Info:    Font shape `OMS/cmr/m/n' in size <10> not available
(Font)              Font shape `OMS/cmsy/m/n' tried instead on input line 110.

(/usr/share/texlive/texmf-dist/tex/latex/listings/lstlang1.sty
File: lstlang1.sty 2015/06/04 1.6 listings language file
)
Overfull \hbox (26.23889pt too wide) in paragraph at lines 120--121
[][][][][][][][][][][][][][][][][] 
 []

LaTeX Font Info:    Font shape `OMS/cmr/m/n' in size <9> not available
(Font)              Font shape `OMS/cmsy/m/n' tried instead on input line 121.
LaTeX Font Info:    Try loading font information for OML+cmr on input line 123.

(/usr/share/texlive/texmf-dist/tex/latex/base/omlcmr.fd
File: omlcmr.fd 2014/09/29 v2.5h Standard LaTeX font definitions
)
LaTeX Font Info:    Font shape `OML/cmr/m/n' in size <9> not available
(Font)              Font shape `OML/cmm/m/it' tried instead on input line 123.

<images/arbolEjecucion.jpg, id=44, 243.7908pt x 268.6035pt>
File: images/arbolEjecucion.jpg Graphic file (type jpg)

<use images/arbolEjecucion.jpg>
Package pdftex.def Info: images/arbolEjecucion.jpg used on input line 133.
(pdftex.def)             Requested size: 93.72366pt x 103.26306pt.

Underfull \vbox (badness 10000) has occurred while \output is active []

Package babel Info: Redefining spanish shorthand <<
(babel)             in language append on input line 148.
Package babel Info: Redefining spanish shorthand >>
(babel)             in language append on input line 148.
Package babel Info: Redefining spanish shorthand "=
(babel)             in language append on input line 148.
Package babel Info: Redefining spanish shorthand "~
(babel)             in language append on input line 148.
Package babel Info: Redefining spanish shorthand "!
(babel)             in language append on input line 148.
Package babel Info: Redefining spanish shorthand "?
(babel)             in language append on input line 148.
Package babel Info: Redefining spanish shorthand <<
(babel)             in language append on input line 148.
Package babel Info: Redefining spanish shorthand >>
(babel)             in language append on input line 148.
Package babel Info: Redefining spanish shorthand "=
(babel)             in language append on input line 148.
Package babel Info: Redefining spanish shorthand "~
(babel)             in language append on input line 148.
Package babel Info: Redefining spanish shorthand "!
(babel)             in language append on input line 148.
Package babel Info: Redefining spanish shorthand "?
(babel)             in language append on input line 148.
 [3pdfTeX warning (ext4): destination with the same identifier (name{figure.1.1
}) has been already used, duplicate ignored

\AtBegShi@Output ...ipout \box \AtBeginShipoutBox 
                                                  \fi \fi 
l.148 
       <./images/arbolEjecucion.jpg>]
<images/cicloInf.jpg, id=63, 533.5935pt x 677.4108pt>
File: images/cicloInf.jpg Graphic file (type jpg)

<use images/cicloInf.jpg>
Package pdftex.def Info: images/cicloInf.jpg used on input line 165.
(pdftex.def)             Requested size: 148.39381pt x 188.39201pt.

Underfull \hbox (badness 10000) in paragraph at lines 180--183

 []


Underfull \hbox (badness 10000) in paragraph at lines 180--183

 []

Package babel Info: Redefining spanish shorthand <<
(babel)             in language append on input line 183.
Package babel Info: Redefining spanish shorthand >>
(babel)             in language append on input line 183.
Package babel Info: Redefining spanish shorthand "=
(babel)             in language append on input line 183.
Package babel Info: Redefining spanish shorthand "~
(babel)             in language append on input line 183.
Package babel Info: Redefining spanish shorthand "!
(babel)             in language append on input line 183.
Package babel Info: Redefining spanish shorthand "?
(babel)             in language append on input line 183.
Package babel Info: Redefining spanish shorthand <<
(babel)             in language append on input line 183.
Package babel Info: Redefining spanish shorthand >>
(babel)             in language append on input line 183.
Package babel Info: Redefining spanish shorthand "=
(babel)             in language append on input line 183.
Package babel Info: Redefining spanish shorthand "~
(babel)             in language append on input line 183.
Package babel Info: Redefining spanish shorthand "!
(babel)             in language append on input line 183.
Package babel Info: Redefining spanish shorthand "?
(babel)             in language append on input line 183.
[4pdfTeX warning (ext4): destination with the same identifier (name{figure.1.2}
) has been already used, duplicate ignored

\AtBegShi@Output ...ipout \box \AtBeginShipoutBox 
                                                  \fi \fi 
l.183 
       <./images/cicloInf.jpg>]
Package babel Info: Redefining spanish shorthand <<
(babel)             in language append on input line 260.
Package babel Info: Redefining spanish shorthand >>
(babel)             in language append on input line 260.
Package babel Info: Redefining spanish shorthand "=
(babel)             in language append on input line 260.
Package babel Info: Redefining spanish shorthand "~
(babel)             in language append on input line 260.
Package babel Info: Redefining spanish shorthand "!
(babel)             in language append on input line 260.
Package babel Info: Redefining spanish shorthand "?
(babel)             in language append on input line 260.
Package babel Info: Redefining spanish shorthand <<
(babel)             in language append on input line 260.
Package babel Info: Redefining spanish shorthand >>
(babel)             in language append on input line 260.
Package babel Info: Redefining spanish shorthand "=
(babel)             in language append on input line 260.
Package babel Info: Redefining spanish shorthand "~
(babel)             in language append on input line 260.
Package babel Info: Redefining spanish shorthand "!
(babel)             in language append on input line 260.
Package babel Info: Redefining spanish shorthand "?
(babel)             in language append on input line 260.
 [5]
<images/procesosRealizados.jpg, id=123, 378.213pt x 235.3593pt>
File: images/procesosRealizados.jpg Graphic file (type jpg)

<use images/procesosRealizados.jpg>
Package pdftex.def Info: images/procesosRealizados.jpg used on input line 281.
(pdftex.def)             Requested size: 295.05711pt x 183.62259pt.
LaTeX Font Info:    Try loading font information for OMS+cmtt on input line 308
.
LaTeX Font Info:    No file OMScmtt.fd. on input line 308.


LaTeX Font Warning: Font shape `OMS/cmtt/m/n' undefined
(Font)              using `OMS/cmsy/m/n' instead
(Font)              for symbol `textbraceleft' on input line 308.

Package babel Info: Redefining spanish shorthand <<
(babel)             in language append on input line 330.
Package babel Info: Redefining spanish shorthand >>
(babel)             in language append on input line 330.
Package babel Info: Redefining spanish shorthand "=
(babel)             in language append on input line 330.
Package babel Info: Redefining spanish shorthand "~
(babel)             in language append on input line 330.
Package babel Info: Redefining spanish shorthand "!
(babel)             in language append on input line 330.
Package babel Info: Redefining spanish shorthand "?
(babel)             in language append on input line 330.
Package babel Info: Redefining spanish shorthand <<
(babel)             in language append on input line 330.
Package babel Info: Redefining spanish shorthand >>
(babel)             in language append on input line 330.
Package babel Info: Redefining spanish shorthand "=
(babel)             in language append on input line 330.
Package babel Info: Redefining spanish shorthand "~
(babel)             in language append on input line 330.
Package babel Info: Redefining spanish shorthand "!
(babel)             in language append on input line 330.
Package babel Info: Redefining spanish shorthand "?
(babel)             in language append on input line 330.
[6]
Package babel Info: Redefining spanish shorthand <<
(babel)             in language append on input line 335.
Package babel Info: Redefining spanish shorthand >>
(babel)             in language append on input line 335.
Package babel Info: Redefining spanish shorthand "=
(babel)             in language append on input line 335.
Package babel Info: Redefining spanish shorthand "~
(babel)             in language append on input line 335.
Package babel Info: Redefining spanish shorthand "!
(babel)             in language append on input line 335.
Package babel Info: Redefining spanish shorthand "?
(babel)             in language append on input line 335.
Package babel Info: Redefining spanish shorthand <<
(babel)             in language append on input line 335.
Package babel Info: Redefining spanish shorthand >>
(babel)             in language append on input line 335.
Package babel Info: Redefining spanish shorthand "=
(babel)             in language append on input line 335.
Package babel Info: Redefining spanish shorthand "~
(babel)             in language append on input line 335.
Package babel Info: Redefining spanish shorthand "!
(babel)             in language append on input line 335.
Package babel Info: Redefining spanish shorthand "?
(babel)             in language append on input line 335.
 [7pdfTeX warning (ext4): destination with the same identifier (name{figure.1.3
}) has been already used, duplicate ignored

\AtBegShi@Output ...ipout \box \AtBeginShipoutBox 
                                                  \fi \fi 
l.335 
      pdfTeX warning (ext4): destination with the same identifier (name{table.1
.1}) has been already used, duplicate ignored

\AtBegShi@Output ...ipout \box \AtBeginShipoutBox 
                                                  \fi \fi 
l.335 
       <./images/procesosRealizados.jpg>]
Package babel Info: Redefining spanish shorthand <<
(babel)             in language append on input line 388.
Package babel Info: Redefining spanish shorthand >>
(babel)             in language append on input line 388.
Package babel Info: Redefining spanish shorthand "=
(babel)             in language append on input line 388.
Package babel Info: Redefining spanish shorthand "~
(babel)             in language append on input line 388.
Package babel Info: Redefining spanish shorthand "!
(babel)             in language append on input line 388.
Package babel Info: Redefining spanish shorthand "?
(babel)             in language append on input line 388.
Package babel Info: Redefining spanish shorthand <<
(babel)             in language append on input line 388.
Package babel Info: Redefining spanish shorthand >>
(babel)             in language append on input line 388.
Package babel Info: Redefining spanish shorthand "=
(babel)             in language append on input line 388.
Package babel Info: Redefining spanish shorthand "~
(babel)             in language append on input line 388.
Package babel Info: Redefining spanish shorthand "!
(babel)             in language append on input line 388.
Package babel Info: Redefining spanish shorthand "?
(babel)             in language append on input line 388.
 [8pdfTeX warning (ext4): destination with the same identifier (name{table.1.2}
) has been already used, duplicate ignored

\AtBegShi@Output ...ipout \box \AtBeginShipoutBox 
                                                  \fi \fi 
l.388 
      ]
Package babel Info: Redefining spanish shorthand <<
(babel)             in language append on input line 424.
Package babel Info: Redefining spanish shorthand >>
(babel)             in language append on input line 424.
Package babel Info: Redefining spanish shorthand "=
(babel)             in language append on input line 424.
Package babel Info: Redefining spanish shorthand "~
(babel)             in language append on input line 424.
Package babel Info: Redefining spanish shorthand "!
(babel)             in language append on input line 424.
Package babel Info: Redefining spanish shorthand "?
(babel)             in language append on input line 424.
Package babel Info: Redefining spanish shorthand <<
(babel)             in language append on input line 424.
Package babel Info: Redefining spanish shorthand >>
(babel)             in language append on input line 424.
Package babel Info: Redefining spanish shorthand "=
(babel)             in language append on input line 424.
Package babel Info: Redefining spanish shorthand "~
(babel)             in language append on input line 424.
Package babel Info: Redefining spanish shorthand "!
(babel)             in language append on input line 424.
Package babel Info: Redefining spanish shorthand "?
(babel)             in language append on input line 424.
 [9]
Package babel Info: Redefining spanish shorthand <<
(babel)             in language append on input line 456.
Package babel Info: Redefining spanish shorthand >>
(babel)             in language append on input line 456.
Package babel Info: Redefining spanish shorthand "=
(babel)             in language append on input line 456.
Package babel Info: Redefining spanish shorthand "~
(babel)             in language append on input line 456.
Package babel Info: Redefining spanish shorthand "!
(babel)             in language append on input line 456.
Package babel Info: Redefining spanish shorthand "?
(babel)             in language append on input line 456.
Package babel Info: Redefining spanish shorthand <<
(babel)             in language append on input line 456.
Package babel Info: Redefining spanish shorthand >>
(babel)             in language append on input line 456.
Package babel Info: Redefining spanish shorthand "=
(babel)             in language append on input line 456.
Package babel Info: Redefining spanish shorthand "~
(babel)             in language append on input line 456.
Package babel Info: Redefining spanish shorthand "!
(babel)             in language append on input line 456.
Package babel Info: Redefining spanish shorthand "?
(babel)             in language append on input line 456.
 [10]
Package babel Info: Redefining spanish shorthand <<
(babel)             in language append on input line 534.
Package babel Info: Redefining spanish shorthand >>
(babel)             in language append on input line 534.
Package babel Info: Redefining spanish shorthand "=
(babel)             in language append on input line 534.
Package babel Info: Redefining spanish shorthand "~
(babel)             in language append on input line 534.
Package babel Info: Redefining spanish shorthand "!
(babel)             in language append on input line 534.
Package babel Info: Redefining spanish shorthand "?
(babel)             in language append on input line 534.
Package babel Info: Redefining spanish shorthand <<
(babel)             in language append on input line 534.
Package babel Info: Redefining spanish shorthand >>
(babel)             in language append on input line 534.
Package babel Info: Redefining spanish shorthand "=
(babel)             in language append on input line 534.
Package babel Info: Redefining spanish shorthand "~
(babel)             in language append on input line 534.
Package babel Info: Redefining spanish shorthand "!
(babel)             in language append on input line 534.
Package babel Info: Redefining spanish shorthand "?
(babel)             in language append on input line 534.
 [11pdfTeX warning (ext4): destination with the same identifier (name{table.Alp
h1.3}) has been already used, duplicate ignored

\AtBegShi@Output ...ipout \box \AtBeginShipoutBox 
                                                  \fi \fi 
l.534 S
       u interfaz fue desarrollada con JavaFX. Sin embargo, no se descarta l...
] <images/screenshots/1-inicial.png, id=201, 698.61pt x 530.98375pt>
File: images/screenshots/1-inicial.png Graphic file (type png)

<use images/screenshots/1-inicial.png>
Package pdftex.def Info: images/screenshots/1-inicial.png used on input line 54
2.
(pdftex.def)             Requested size: 242.98541pt x 184.68037pt.

<images/screenshots/2-seleccionMetodos.png, id=203, 693.59125pt x 518.93875pt>
File: images/screenshots/2-seleccionMetodos.png Graphic file (type png)

<use images/screenshots/2-seleccionMetodos.png>
Package pdftex.def Info: images/screenshots/2-seleccionMetodos.png used on inpu
t line 554.
(pdftex.def)             Requested size: 295.05711pt x 220.76381pt.

<images/screenshots/3-generados.png, id=205, 483.8075pt x 265.99374pt>
File: images/screenshots/3-generados.png Graphic file (type png)

<use images/screenshots/3-generados.png>
Package pdftex.def Info: images/screenshots/3-generados.png used on input line 
567.
(pdftex.def)             Requested size: 156.20453pt x 85.87871pt.

<images/screenshots/EjemploTestGen.png, id=206, 381.425pt x 259.97125pt>
File: images/screenshots/EjemploTestGen.png Graphic file (type png)

<use images/screenshots/EjemploTestGen.png>
Package pdftex.def Info: images/screenshots/EjemploTestGen.png used on input li
ne 573.
(pdftex.def)             Requested size: 132.7748pt x 90.49544pt.
Package babel Info: Redefining spanish shorthand <<
(babel)             in language append on input line 579.
Package babel Info: Redefining spanish shorthand >>
(babel)             in language append on input line 579.
Package babel Info: Redefining spanish shorthand "=
(babel)             in language append on input line 579.
Package babel Info: Redefining spanish shorthand "~
(babel)             in language append on input line 579.
Package babel Info: Redefining spanish shorthand "!
(babel)             in language append on input line 579.
Package babel Info: Redefining spanish shorthand "?
(babel)             in language append on input line 579.
Package babel Info: Redefining spanish shorthand <<
(babel)             in language append on input line 579.
Package babel Info: Redefining spanish shorthand >>
(babel)             in language append on input line 579.
Package babel Info: Redefining spanish shorthand "=
(babel)             in language append on input line 579.
Package babel Info: Redefining spanish shorthand "~
(babel)             in language append on input line 579.
Package babel Info: Redefining spanish shorthand "!
(babel)             in language append on input line 579.
Package babel Info: Redefining spanish shorthand "?
(babel)             in language append on input line 579.
 [12pdfTeX warning (ext4): destination with the same identifier (name{figure.Al
ph1.4}) has been already used, duplicate ignored

\AtBegShi@Output ...ipout \box \AtBeginShipoutBox 
                                                  \fi \fi 
l.579 
       <./images/screenshots/1-inicial.png>]
<images/screenshots/testGenerados.png, id=216, 392.46625pt x 564.1075pt>
File: images/screenshots/testGenerados.png Graphic file (type png)

<use images/screenshots/testGenerados.png>
Package pdftex.def Info: images/screenshots/testGenerados.png used on input lin
e 588.
(pdftex.def)             Requested size: 177.03445pt x 254.46576pt.

Overfull \hbox (72.89635pt too wide) in paragraph at lines 588--588
 [][] 
 []

<images/screenshots/eclemma.png, id=217, 243.91125pt x 563.10374pt>
File: images/screenshots/eclemma.png Graphic file (type png)

<use images/screenshots/eclemma.png>
Package pdftex.def Info: images/screenshots/eclemma.png used on input line 593.

(pdftex.def)             Requested size: 124.09618pt x 286.49173pt.
Package babel Info: Redefining spanish shorthand <<
(babel)             in language append on input line 599.
Package babel Info: Redefining spanish shorthand >>
(babel)             in language append on input line 599.
Package babel Info: Redefining spanish shorthand "=
(babel)             in language append on input line 599.
Package babel Info: Redefining spanish shorthand "~
(babel)             in language append on input line 599.
Package babel Info: Redefining spanish shorthand "!
(babel)             in language append on input line 599.
Package babel Info: Redefining spanish shorthand "?
(babel)             in language append on input line 599.
Package babel Info: Redefining spanish shorthand <<
(babel)             in language append on input line 599.
Package babel Info: Redefining spanish shorthand >>
(babel)             in language append on input line 599.
Package babel Info: Redefining spanish shorthand "=
(babel)             in language append on input line 599.
Package babel Info: Redefining spanish shorthand "~
(babel)             in language append on input line 599.
Package babel Info: Redefining spanish shorthand "!
(babel)             in language append on input line 599.
Package babel Info: Redefining spanish shorthand "?
(babel)             in language append on input line 599.
 [13pdfTeX warning (ext4): destination with the same identifier (name{figure.Al
ph1.5}) has been already used, duplicate ignored

\AtBegShi@Output ...ipout \box \AtBeginShipoutBox 
                                                  \fi \fi 
l.599 
      pdfTeX warning (ext4): destination with the same identifier (name{figure.
Alph1.6}) has been already used, duplicate ignored

\AtBegShi@Output ...ipout \box \AtBeginShipoutBox 
                                                  \fi \fi 
l.599 
       <./images/screenshots/2-seleccionMetodos.png> <./images/screenshots/3-ge
nerados.png> <./images/screenshots/EjemploTestGen.png>]
Package atveryend Info: Empty hook `BeforeClearDocument' on input line 601.
Package babel Info: Redefining spanish shorthand <<
(babel)             in language append on input line 601.
Package babel Info: Redefining spanish shorthand >>
(babel)             in language append on input line 601.
Package babel Info: Redefining spanish shorthand "=
(babel)             in language append on input line 601.
Package babel Info: Redefining spanish shorthand "~
(babel)             in language append on input line 601.
Package babel Info: Redefining spanish shorthand "!
(babel)             in language append on input line 601.
Package babel Info: Redefining spanish shorthand "?
(babel)             in language append on input line 601.
Package babel Info: Redefining spanish shorthand <<
(babel)             in language append on input line 601.
Package babel Info: Redefining spanish shorthand >>
(babel)             in language append on input line 601.
Package babel Info: Redefining spanish shorthand "=
(babel)             in language append on input line 601.
Package babel Info: Redefining spanish shorthand "~
(babel)             in language append on input line 601.
Package babel Info: Redefining spanish shorthand "!
(babel)             in language append on input line 601.
Package babel Info: Redefining spanish shorthand "?
(babel)             in language append on input line 601.
 [14pdfTeX warning (ext4): destination with the same identifier (name{figure.Al
ph1.7}) has been already used, duplicate ignored

\AtBegShi@Output ...ipout \box \AtBeginShipoutBox 
                                                  \fi \fi 
l.601 \end{document}
                     <./images/screenshots/testGenerados.png> <./images/screens
hots/eclemma.png>]
Package atveryend Info: Empty hook `AfterLastShipout' on input line 601.
 (./pps2.aux
LaTeX Info: Redefining \. on input line 27.
LaTeX Info: Redefining \% on input line 27.
)
Package atveryend Info: Executing hook `AtVeryEndDocument' on input line 601.
Package atveryend Info: Executing hook `AtEndAfterFileList' on input line 601.
Package rerunfilecheck Info: File `pps2.out' has not changed.
(rerunfilecheck)             Checksum: 8FDCD89E5246CA1B8531335188465D59;127.


LaTeX Font Warning: Some font shapes were not available, defaults substituted.


LaTeX Warning: There were multiply-defined labels.

Package atveryend Info: Empty hook `AtVeryVeryEnd' on input line 601.
 ) 
Here is how much of TeX's memory you used:
 8623 strings out of 495000
 121293 string characters out of 6181169
 243964 words of memory out of 5000000
 11610 multiletter control sequences out of 15000+600000
 8270 words of font info for 30 fonts, out of 8000000 for 9000
 24 hyphenation exceptions out of 8191
 29i,17n,42p,379b,1505s stack positions out of 5000i,500n,10000p,200000b,80000s
</usr/share/texlive/texmf-dist/fonts/type1/public/amsfonts/cm/cmbx10.pfb></us
r/share/texlive/texmf-dist/fonts/type1/public/amsfonts/cm/cmbx12.pfb></usr/shar
e/texlive/texmf-dist/fonts/type1/public/amsfonts/cm/cmbx9.pfb></usr/share/texli
ve/texmf-dist/fonts/type1/public/amsfonts/cm/cmcsc10.pfb></usr/share/texlive/te
xmf-dist/fonts/type1/public/amsfonts/cm/cmmi10.pfb></usr/share/texlive/texmf-di
st/fonts/type1/public/amsfonts/cm/cmmi9.pfb></usr/share/texlive/texmf-dist/font
s/type1/public/amsfonts/cm/cmr10.pfb></usr/share/texlive/texmf-dist/fonts/type1
/public/amsfonts/cm/cmr6.pfb></usr/share/texlive/texmf-dist/fonts/type1/public/
amsfonts/cm/cmr7.pfb></usr/share/texlive/texmf-dist/fonts/type1/public/amsfonts
/cm/cmr9.pfb></usr/share/texlive/texmf-dist/fonts/type1/public/amsfonts/cm/cmsy
10.pfb></usr/share/texlive/texmf-dist/fonts/type1/public/amsfonts/cm/cmsy9.pfb>
</usr/share/texlive/texmf-dist/fonts/type1/public/amsfonts/cm/cmti9.pfb></usr/s
hare/texlive/texmf-dist/fonts/type1/public/amsfonts/cm/cmtt10.pfb></usr/share/t
exlive/texmf-dist/fonts/type1/public/amsfonts/cm/cmtt9.pfb>
Output written on pps2.pdf (14 pages, 3050359 bytes).
PDF statistics:
 308 PDF objects out of 1000 (max. 8388607)
 258 compressed objects within 3 object streams
 128 named destinations out of 1000 (max. 500000)
 54 words of extra memory for PDF output out of 10000 (max. 10000000)

